INFO: [VRFC 10-2263] Analyzing Verilog file "C:/Users/iSchool Admin/Documents/factorial_vivado_project/vivado/Lab7/Lab7.srcs/sources_1/new/pipe/alu_pipe.v" into library xil_defaultlib
INFO: [VRFC 10-311] analyzing module alu_pipe
INFO: [VRFC 10-2263] Analyzing Verilog file "C:/Users/iSchool Admin/Documents/factorial_vivado_project/vivado/Lab7/Lab7.srcs/sources_1/new/pipe/controlunit_pipe.v" into library xil_defaultlib
INFO: [VRFC 10-311] analyzing module controlunit_pipe
INFO: [VRFC 10-2263] Analyzing Verilog file "C:/Users/iSchool Admin/Documents/factorial_vivado_project/vivado/Lab7/Lab7.srcs/sources_1/new/pipe/datapath_pipe.v" into library xil_defaultlib
INFO: [VRFC 10-311] analyzing module datapath_pipe
INFO: [VRFC 10-2263] Analyzing Verilog file "C:/Users/iSchool Admin/Documents/factorial_vivado_project/vivado/Lab7/Lab7.srcs/sources_1/new/pipe/dmem_pipe.v" into library xil_defaultlib
INFO: [VRFC 10-311] analyzing module dmem_pipe
INFO: [VRFC 10-2263] Analyzing Verilog file "C:/Users/iSchool Admin/Documents/factorial_vivado_project/vivado/Lab7/Lab7.srcs/sources_1/new/fact/factorial_core.v" into library xil_defaultlib
INFO: [VRFC 10-311] analyzing module factorial_core
INFO: [VRFC 10-2263] Analyzing Verilog file "C:/Users/iSchool Admin/Documents/factorial_vivado_project/vivado/Lab7/Lab7.srcs/sources_1/new/fact/factorial_cu.v" into library xil_defaultlib
INFO: [VRFC 10-311] analyzing module factorial_cu
INFO: [VRFC 10-2263] Analyzing Verilog file "C:/Users/iSchool Admin/Documents/factorial_vivado_project/vivado/Lab7/Lab7.srcs/sources_1/new/fact/factorial_dp.v" into library xil_defaultlib
INFO: [VRFC 10-311] analyzing module factorial_dp
INFO: [VRFC 10-2263] Analyzing Verilog file "C:/Users/iSchool Admin/Documents/factorial_vivado_project/vivado/Lab7/Lab7.srcs/sources_1/new/soc/factorial_wrapper.v" into library xil_defaultlib
INFO: [VRFC 10-311] analyzing module factorial_wrapper
INFO: [VRFC 10-2263] Analyzing Verilog file "C:/Users/iSchool Admin/Documents/factorial_vivado_project/vivado/Lab7/Lab7.srcs/sources_1/new/pipe/forwarding_unit.v" into library xil_defaultlib
INFO: [VRFC 10-311] analyzing module forwarding_unit
INFO: [VRFC 10-2263] Analyzing Verilog file "C:/Users/iSchool Admin/Documents/factorial_vivado_project/vivado/Lab7/Lab7.srcs/sources_1/new/soc/gpio_top.v" into library xil_defaultlib
INFO: [VRFC 10-311] analyzing module gpio_top
INFO: [VRFC 10-2263] Analyzing Verilog file "C:/Users/iSchool Admin/Documents/factorial_vivado_project/vivado/Lab7/Lab7.srcs/sources_1/new/pipe/hazard_unit.v" into library xil_defaultlib
INFO: [VRFC 10-311] analyzing module hazard_unit
INFO: [VRFC 10-2263] Analyzing Verilog file "C:/Users/iSchool Admin/Documents/factorial_vivado_project/vivado/Lab7/Lab7.srcs/sources_1/new/pipe/hilo_reg_pipe.v" into library xil_defaultlib
INFO: [VRFC 10-311] analyzing module hilo_reg_pipe
INFO: [VRFC 10-2263] Analyzing Verilog file "C:/Users/iSchool Admin/Documents/factorial_vivado_project/vivado/Lab7/Lab7.srcs/sources_1/new/soc/imem_soc.v" into library xil_defaultlib
INFO: [VRFC 10-311] analyzing module imem_soc
INFO: [VRFC 10-2263] Analyzing Verilog file "C:/Users/iSchool Admin/Documents/factorial_vivado_project/vivado/Lab7/Lab7.srcs/sources_1/new/pipe/multiplier_pipe.v" into library xil_defaultlib
INFO: [VRFC 10-311] analyzing module multiplier_pipe
INFO: [VRFC 10-2263] Analyzing Verilog file "C:/Users/iSchool Admin/Documents/factorial_vivado_project/vivado/Lab7/Lab7.srcs/sources_1/new/pipe/regfile_pipe.v" into library xil_defaultlib
INFO: [VRFC 10-311] analyzing module regfile_pipe
INFO: [VRFC 10-2263] Analyzing Verilog file "C:/Users/iSchool Admin/Documents/factorial_vivado_project/vivado/Lab7/Lab7.srcs/sources_1/new/pipe/signext_pipe.v" into library xil_defaultlib
INFO: [VRFC 10-311] analyzing module signext_pipe
INFO: [VRFC 10-2263] Analyzing Verilog file "C:/Users/iSchool Admin/Documents/factorial_vivado_project/vivado/Lab7/Lab7.srcs/sources_1/new/soc/soc_top_pipe.v" into library xil_defaultlib
INFO: [VRFC 10-311] analyzing module soc_top_pipe
INFO: [VRFC 10-2263] Analyzing Verilog file "C:/Users/iSchool Admin/Documents/factorial_vivado_project/vivado/Lab7/Lab7.srcs/sources_1/new/soc/tb_soc_pipe.v" into library xil_defaultlib
INFO: [VRFC 10-311] analyzing module tb_soc_pipe
