Vivado Simulator v2025.1.0
Copyright 1986-2022 Xilinx, Inc. All Rights Reserved.
Copyright 2022-2025 Advanced Micro Devices, Inc. All Rights Reserved.
Running: C:/Xilinx/2025.1/Vivado/bin/unwrapped/win64.o/xelab.exe --incr --debug typical --relax --mt 2 -L xil_defaultlib -L unisims_ver -L unimacro_ver -L secureip --snapshot tb_mips_pipe_behav xil_defaultlib.tb_mips_pipe xil_defaultlib.glbl -log elaborate.log 
Using 2 slave threads.
Starting static elaboration
Pass Through NonSizing Optimizer
WARNING: [VRFC 10-3091] actual bit length 6 differs from formal bit length 32 for port 'dm_addr' [C:/Users/iSchool Admin/Documents/factorial_vivado_project/vivado/Lab7/Lab7.srcs/sources_1/new/pipe/mips_top_pipe.v:30]
Completed static elaboration
Starting simulation data flow analysis
Completed simulation data flow analysis
Time Resolution for simulation is 1ps
Compiling module xil_defaultlib.controlunit_pipe
Compiling module xil_defaultlib.regfile_pipe
Compiling module xil_defaultlib.signext_pipe
Compiling module xil_defaultlib.hazard_unit
Compiling module xil_defaultlib.forwarding_unit
Compiling module xil_defaultlib.alu_pipe
Compiling module xil_defaultlib.multiplier_pipe
Compiling module xil_defaultlib.hilo_reg_pipe
Compiling module xil_defaultlib.datapath_pipe
Compiling module xil_defaultlib.imem_pipe
Compiling module xil_defaultlib.dmem_pipe
Compiling module xil_defaultlib.mips_top_pipe
Compiling module xil_defaultlib.tb_mips_pipe
Compiling module xil_defaultlib.glbl
Built simulation snapshot tb_mips_pipe_behav
