#-----------------------------------------------------------
# xsim v2025.1 (64-bit)
# SW Build 6140274 on Thu May 22 00:12:29 MDT 2025
# IP Build 6138677 on Thu May 22 03:10:11 MDT 2025
# SharedData Build 6139179 on Tue May 20 17:58:58 MDT 2025
# Start of session at: Mon Apr 20 11:34:40 2026
# Process ID         : 23720
# Current directory  : C:/Users/iSchool Admin/Documents/factorial_vivado_project/vivado/Lab7/Lab7.srcs/sources_1/new/pipe
# Command line       : xsim.exe -mode tcl -source {xsim.dir/tb_mips_pipe_snap/xsim_script.tcl}
# Log file           : C:/Users/iSchool Admin/Documents/factorial_vivado_project/vivado/Lab7/Lab7.srcs/sources_1/new/pipe/xsim.log
# Journal file       : C:/Users/iSchool Admin/Documents/factorial_vivado_project/vivado/Lab7/Lab7.srcs/sources_1/new/pipe\xsim.jou
# Running On         : INF-LOAN3-ALW
# Platform           : Windows Server 2016 or Windows 10
# Operating System   : 26200
# Processor Detail   : Intel(R) Core(TM) i7-8750H CPU @ 2.20GHz
# CPU Frequency      : 2208 MHz
# CPU Physical cores : 6
# CPU Logical cores  : 12
# Host memory        : 34141 MB
# Swap memory        : 2147 MB
# Total Virtual      : 36288 MB
# Available Virtual  : 9925 MB
#-----------------------------------------------------------
source xsim.dir/tb_mips_pipe_snap/xsim_script.tcl
# xsim {tb_mips_pipe_snap} -autoloadwcfg -tclbatch {run.tcl}
Time resolution is 1 ps
source run.tcl
## run all
[cycle 32]  SW  dmem[0] <= 0x00000018
========================================================
 Pipelined MIPS simulation finished.
 cycle_count   = 32
 final PC      = 0x00000024
 M[0] (live rd_dm when dm_addr==0) observed at run-time.
 final $v0     = 24   (expect 24 = 4!)
========================================================
PASS: $v0 == 24
$finish called at time : 415 ns : File "C:/Users/iSchool Admin/Documents/factorial_vivado_project/vivado/Lab7/Lab7.srcs/sources_1/new/pipe/tb_mips_pipe.v" Line 83
## quit
INFO: [Common 17-206] Exiting xsim at Mon Apr 20 11:34:47 2026...
